{"target": 0.7532496761136216, "params": {"hole_c": 2.668088018810296, "hole_t": 74.82920440979423, "remv_c": 1.0004574992693795, "remv_t": 37.20993153686558}, "datetime": {"datetime": "2022-08-02 10:07:17", "elapsed": 0.0, "delta": 0.0}}
{"target": 0.7794345683274747, "params": {"hole_c": 1.5870235632684522, "hole_t": 18.310473529191803, "remv_c": 1.7450408455106836, "remv_t": 41.1004654338743}, "datetime": {"datetime": "2022-08-02 10:07:43", "elapsed": 26.196666, "delta": 26.196666}}
{"target": 0.7953557229359494, "params": {"hole_c": 2.5870698969226797, "hole_t": 58.493506060302124, "remv_c": 2.676778057613179, "remv_t": 71.66975503570836}, "datetime": {"datetime": "2022-08-02 10:16:39", "elapsed": 562.734825, "delta": 536.538159}}
{"target": 0.8110797147767237, "params": {"hole_c": 1.8178089989260697, "hole_t": 89.03056927518509, "remv_c": 1.1095503727917047, "remv_t": 70.3420759160562}, "datetime": {"datetime": "2022-08-02 10:25:34", "elapsed": 1096.939163, "delta": 534.204338}}
{"target": 0.7172187718170387, "params": {"hole_c": 2.669219209468508, "hole_t": 60.282084560117646, "remv_c": 1.561547754380935, "remv_t": 27.829134017639092}, "datetime": {"datetime": "2022-08-02 10:26:11", "elapsed": 1134.075169, "delta": 37.136006}}
{"target": 0.8426641691160843, "params": {"hole_c": 1.7554248463564326, "hole_t": 88.49404768290479, "remv_c": 1.3386204947765932, "remv_t": 68.9299799792609}, "datetime": {"datetime": "2022-08-02 10:46:52", "elapsed": 2374.881161, "delta": 1240.805992}}
{"target": 0.8636719693825377, "params": {"hole_c": 1.8221282892840285, "hole_t": 87.97107684651074, "remv_c": 1.2474546335146974, "remv_t": 66.57457242840252}, "datetime": {"datetime": "2022-08-02 10:48:46", "elapsed": 2489.432363, "delta": 114.551202}}
{"target": 0.8087574619027421, "params": {"compat": 4.176049826978714, "schan": 7.20604168948716, "sdims": 0.011142604425275418}, "datetime": {"datetime": "2022-08-02 10:49:13", "elapsed": 0.0, "delta": 0.0}}
{"target": 0.746819445463694, "params": {"hole_c": 1.0, "hole_t": 85.0745655943807, "remv_c": 4.898734811382766, "remv_t": 66.56283885689194}, "datetime": {"datetime": "2022-08-02 10:49:19", "elapsed": 2522.069232, "delta": 32.636869}}
{"target": 0.7151684230628389, "params": {"hole_c": 1.1630703632864412, "hole_t": 91.01798529095102, "remv_c": 1.2761797418874363, "remv_t": 65.41815911599454}, "datetime": {"datetime": "2022-08-02 10:49:52", "elapsed": 2555.401955, "delta": 33.332723}}
{"target": 0.7550186279148131, "params": {"hole_c": 2.4039988452689265, "hole_t": 86.54116243153491, "remv_c": 1.701036918680424, "remv_t": 66.05999858664391}, "datetime": {"datetime": "2022-08-02 10:50:21", "elapsed": 2584.347118, "delta": 28.945163}}
{"target": 0.6806726592329969, "params": {"hole_c": 2.7254060803376823, "hole_t": 89.23441864454738, "remv_c": 1.2599720488310524, "remv_t": 67.88063769885093}, "datetime": {"datetime": "2022-08-02 10:50:50", "elapsed": 2613.400395, "delta": 29.053277}}
{"target": 0.7443540256229487, "params": {"hole_c": 1.8178875015719105, "hole_t": 18.386153656962726, "remv_c": 2.085598165211372, "remv_t": 40.98850601734648}, "datetime": {"datetime": "2022-08-02 10:51:29", "elapsed": 2652.320779, "delta": 38.920384}}
{"target": 0.7680935172240401, "params": {"hole_c": 2.299503045596048, "hole_t": 67.22032745672146, "remv_c": 2.602020437443671, "remv_t": 77.6399319923144}, "datetime": {"datetime": "2022-08-02 10:52:05", "elapsed": 2688.291821, "delta": 35.971042}}
{"target": 0.7853763964104449, "params": {"hole_c": 1.1998574017948953, "hole_t": 88.37473845175101, "remv_c": 1.8219532220293981, "remv_t": 66.53095197644342}, "datetime": {"datetime": "2022-08-02 10:52:35", "elapsed": 2718.247272, "delta": 29.955451}}
{"target": 0.7211879925926532, "params": {"hole_c": 2.5887381232824773, "hole_t": 27.476010677727363, "remv_c": 1.2114239078617706, "remv_t": 41.045682806464605}, "datetime": {"datetime": "2022-08-02 10:53:03", "elapsed": 2746.760434, "delta": 28.513162}}
{"target": 0.6954575997376038, "params": {"compat": 3.0303024005920793, "schan": 1.4760913492629593, "sdims": 0.9324625617402901}, "datetime": {"datetime": "2022-08-02 10:53:26", "elapsed": 252.426817, "delta": 252.426817}}
{"target": 0.7731445212721998, "params": {"hole_c": 1.037854608634476, "hole_t": 59.518381011196404, "remv_c": 1.6479531052268945, "remv_t": 53.00192792552009}, "datetime": {"datetime": "2022-08-02 10:53:32", "elapsed": 2775.407004, "delta": 28.64657}}
{"target": 0.7607227142250664, "params": {"hole_c": 2.329410661052095, "hole_t": 53.631325586226524, "remv_c": 2.6673052347533166, "remv_t": 83.87472512423517}, "datetime": {"datetime": "2022-08-02 10:54:03", "elapsed": 2805.812615, "delta": 30.405611}}
{"target": 0.8462654918421932, "params": {"hole_c": 1.936228296804276, "hole_t": 50.23016701108547, "remv_c": 3.2004388521816662, "remv_t": 95.42644186834096}, "datetime": {"datetime": "2022-08-02 10:54:37", "elapsed": 2840.050647, "delta": 34.238032}}
{"target": 0.6808978504551682, "params": {"hole_c": 1.4714842527322887, "hole_t": 59.54779861990105, "remv_c": 2.965860561837014, "remv_t": 23.136450474592984}, "datetime": {"datetime": "2022-08-02 10:55:05", "elapsed": 2868.571275, "delta": 28.520628}}
{"target": 0.7260040921652541, "params": {"compat": 1.8707395116629324, "schan": 3.462151663160047, "sdims": 3.9737070675643924}, "datetime": {"datetime": "2022-08-02 10:55:07", "elapsed": 354.243703, "delta": 101.816886}}
{"target": 0.7539512458139036, "params": {"hole_c": 1.7702016251850372, "hole_t": 86.96041779163926, "remv_c": 1.0367861976201453, "remv_t": 67.73771480409195}, "datetime": {"datetime": "2022-08-02 10:55:38", "elapsed": 2901.163643, "delta": 32.592368}}
{"target": 0.8122325366379141, "params": {"hole_c": 1.7843251990531028, "hole_t": 46.033220187220415, "remv_c": 3.061313705426711, "remv_t": 16.307752554892733}, "datetime": {"datetime": "2022-08-02 10:56:17", "elapsed": 2940.233349, "delta": 39.069706}}
{"target": 0.6998357433204538, "params": {"compat": 5.392779172693536, "schan": 4.197753198888915, "sdims": 6.855342808963627}, "datetime": {"datetime": "2022-08-02 10:56:30", "elapsed": 437.373564, "delta": 83.129861}}
{"target": 0.7944399355759308, "params": {"hole_c": 1.7231540787108615, "hole_t": 34.45941650451218, "remv_c": 4.2141624706078, "remv_t": 68.32346892340422}, "datetime": {"datetime": "2022-08-02 10:57:02", "elapsed": 2984.977642, "delta": 44.744293}}
{"target": 0.6733234073412772, "params": {"hole_c": 1.5348519109817782, "hole_t": 55.70637477388932, "remv_c": 4.556413288427326, "remv_t": 61.044768368956305}, "datetime": {"datetime": "2022-08-02 10:57:30", "elapsed": 3012.854431, "delta": 27.876789}}
{"target": 0.7894238906198556, "params": {"hole_c": 1.6065472216783325, "hole_t": 28.383770881892968, "remv_c": 3.689902563983433, "remv_t": 88.73306747630853}, "datetime": {"datetime": "2022-08-02 10:58:00", "elapsed": 3043.454678, "delta": 30.600247}}
{"target": 0.7549100923898228, "params": {"hole_c": 4.272167796046682, "hole_t": 24.71740408692569, "remv_c": 1.0601328699958144, "remv_t": 24.48898377346403}, "datetime": {"datetime": "2022-08-02 10:58:37", "elapsed": 3080.506681, "delta": 37.052003}}
{"target": 0.7978567870038893, "params": {"hole_c": 2.5818134955113785, "hole_t": 50.12859449420584, "remv_c": 3.076162161723269, "remv_t": 95.38288563339238}, "datetime": {"datetime": "2022-08-02 10:59:13", "elapsed": 3116.381132, "delta": 35.874451}}
{"target": 0.8002326035067108, "params": {"hole_c": 4.595996133326141, "hole_t": 50.69975039267486, "remv_c": 2.596859458791616, "remv_t": 38.03753883196806}, "datetime": {"datetime": "2022-08-02 10:59:54", "elapsed": 3157.595433, "delta": 41.214301}}
{"target": 0.787551690412449, "params": {"hole_c": 1.2830052338607305, "hole_t": 88.97159106846289, "remv_c": 2.14307880014601, "remv_t": 68.6813535428661}, "datetime": {"datetime": "2022-08-02 11:00:28", "elapsed": 3191.564231, "delta": 33.968798}}
{"target": 0.7436582780826643, "params": {"hole_c": 4.9769531369699775, "hole_t": 33.02574794355087, "remv_c": 3.474515326985109, "remv_t": 43.285393973653655}, "datetime": {"datetime": "2022-08-02 11:01:06", "elapsed": 3229.479504, "delta": 37.915273}}
{"target": 0.788093296326355, "params": {"hole_c": 1.3456800042157124, "hole_t": 49.72998242602319, "remv_c": 3.8720998221934457, "remv_t": 95.61810188886534}, "datetime": {"datetime": "2022-08-02 11:01:41", "elapsed": 3264.780597, "delta": 35.301093}}
{"target": 0.7664293298530588, "params": {"hole_c": 2.5784941462918005, "hole_t": 68.37728305544326, "remv_c": 1.6273760015829284, "remv_t": 47.56078627782476}, "datetime": {"datetime": "2022-08-02 11:02:17", "elapsed": 3300.33829, "delta": 35.557693}}
{"target": 0.730799623552127, "params": {"compat": 2.052477974817859, "schan": 8.782393189545544, "sdims": 0.2836020560472824}, "datetime": {"datetime": "2022-08-02 11:02:43", "elapsed": 810.231703, "delta": 372.858139}}
{"target": 0.7427854204777834, "params": {"hole_c": 3.1570581062757097, "hole_t": 45.28654653009869, "remv_c": 4.748991574962657, "remv_t": 47.94872488802601}, "datetime": {"datetime": "2022-08-02 11:02:53", "elapsed": 3336.358529, "delta": 36.020239}}
{"target": 0.7768539204935496, "params": {"hole_c": 2.9539961154067274, "hole_t": 15.777535665088731, "remv_c": 2.318546935522167, "remv_t": 67.61627416582897}, "datetime": {"datetime": "2022-08-02 11:03:26", "elapsed": 3369.501878, "delta": 33.143349}}
{"target": 0.7704640505656887, "params": {"hole_c": 2.6221445541736723, "hole_t": 11.257231537028112, "remv_c": 2.632602507044832, "remv_t": 80.90834156235476}, "datetime": {"datetime": "2022-08-02 11:03:59", "elapsed": 3401.933195, "delta": 32.431317}}
{"target": 0.7266640852455126, "params": {"hole_c": 3.62025327342547, "hole_t": 29.597562833036832, "remv_c": 3.81062061205651, "remv_t": 91.6297912759596}, "datetime": {"datetime": "2022-08-02 11:04:35", "elapsed": 3438.524771, "delta": 36.591576}}
{"target": 0.7979987296793495, "params": {"compat": 4.363774926731865, "schan": 7.17780091047583, "sdims": 0.15154689475374916}, "datetime": {"datetime": "2022-08-02 11:08:11", "elapsed": 1137.666835, "delta": 327.435132}}
{"target": 0.7717693966575428, "params": {"compat": 3.356858003362873, "schan": 6.39579215462492, "sdims": 0.01}, "datetime": {"datetime": "2022-08-02 11:14:28", "elapsed": 1514.887718, "delta": 377.220883}}
{"target": 0.813204854099311, "params": {"compat": 4.045205933157212, "schan": 8.253979740031896, "sdims": 0.01}, "datetime": {"datetime": "2022-08-02 11:19:38", "elapsed": 1825.341449, "delta": 310.453731}}
{"target": 0.7094288113311822, "params": {"compat": 5.517635792227825, "schan": 9.430367450431035, "sdims": 0.01}, "datetime": {"datetime": "2022-08-02 11:26:35", "elapsed": 2241.947861, "delta": 416.606412}}
{"target": 0.747296283573725, "params": {"compat": 3.549113083007092, "schan": 7.7315499850643645, "sdims": 0.8652136833092305}, "datetime": {"datetime": "2022-08-02 11:30:58", "elapsed": 2505.125409, "delta": 263.177548}}
{"target": 0.7442823140578518, "params": {"compat": 4.943885185892575, "schan": 5.627363886320149, "sdims": 0.01}, "datetime": {"datetime": "2022-08-02 11:35:52", "elapsed": 2799.13256, "delta": 294.007151}}
{"target": 0.7590991708056177, "params": {"compat": 4.693689800532705, "schan": 7.968382042357735, "sdims": 0.19053639527249677}, "datetime": {"datetime": "2022-08-02 11:40:57", "elapsed": 3103.455867, "delta": 304.323307}}
{"target": 0.8249424619906679, "params": {"compat": 3.431959183773534, "schan": 8.785666399913573, "sdims": 0.014128239255312307}, "datetime": {"datetime": "2022-08-02 11:46:23", "elapsed": 3429.842031, "delta": 326.386164}}
{"target": 0.7512604514420577, "params": {"compat": 3.7810103626939164, "schan": 9.476785848590321, "sdims": 0.10513653682148602}, "datetime": {"datetime": "2022-08-02 11:51:31", "elapsed": 3738.237346, "delta": 308.395315}}
{"target": 0.7674089386519043, "params": {"compat": 3.3430710568538324, "schan": 8.143153699606035, "sdims": 0.01}, "datetime": {"datetime": "2022-08-02 11:56:38", "elapsed": 4044.492204, "delta": 306.254858}}
{"target": 0.7144746938909026, "params": {"compat": 6.774344147413909, "schan": 5.483631316610355, "sdims": 3.8382595797156607}, "datetime": {"datetime": "2022-08-02 11:57:56", "elapsed": 4122.399138, "delta": 77.906934}}
{"target": 0.8081286873120038, "params": {"compat": 1.4161534490208225, "schan": 1.4024017734137937, "sdims": 3.1751547953936305}, "datetime": {"datetime": "2022-08-02 11:59:33", "elapsed": 4220.045679, "delta": 97.646541}}
{"target": 0.7972229402490462, "params": {"compat": 2.7472646721645373, "schan": 7.645840554218786, "sdims": 0.6780367511465472}, "datetime": {"datetime": "2022-08-02 12:05:50", "elapsed": 4596.626011, "delta": 376.580332}}
{"target": 0.7362418761062866, "params": {"compat": 3.8224241329896085, "schan": 8.66988879249424, "sdims": 0.23194967563235222}, "datetime": {"datetime": "2022-08-02 12:10:36", "elapsed": 4882.839191, "delta": 286.21318}}
{"target": 0.7646196148613876, "params": {"compat": 5.986038163763634, "schan": 1.1358935525219096, "sdims": 1.1766073217474338}, "datetime": {"datetime": "2022-08-02 12:13:30", "elapsed": 5056.605729, "delta": 173.766538}}
{"target": 0.773443346416596, "params": {"compat": 6.140110360571657, "schan": 5.5783450374551835, "sdims": 6.53953313381478}, "datetime": {"datetime": "2022-08-02 12:14:40", "elapsed": 5127.049746, "delta": 70.444017}}
{"target": 0.7687242715167188, "params": {"compat": 0.17795852364233114, "schan": 2.5909848016068726, "sdims": 8.007841209885681}, "datetime": {"datetime": "2022-08-02 12:15:54", "elapsed": 5201.080893, "delta": 74.031147}}
{"target": 0.7219206697166264, "params": {"compat": 6.255341009525828, "schan": 5.514142796139384, "sdims": 6.4337163402100925}, "datetime": {"datetime": "2022-08-02 12:17:04", "elapsed": 5271.20168, "delta": 70.120787}}
{"target": 0.7863938286159783, "params": {"compat": 4.644976675121191, "schan": 1.3671245930359694, "sdims": 5.677659717219105}, "datetime": {"datetime": "2022-08-02 12:18:56", "elapsed": 5382.40512, "delta": 111.20344}}
{"target": 0.6756653010672757, "params": {"compat": 9.114900465390408, "schan": 6.23051883997001, "sdims": 9.69312479869416}, "datetime": {"datetime": "2022-08-02 12:20:11", "elapsed": 5458.278043, "delta": 75.872923}}
{"target": 0.7946319417885027, "params": {"compat": 8.042417587869094, "schan": 3.1864153828390496, "sdims": 6.0692288966889505}, "datetime": {"datetime": "2022-08-02 12:21:34", "elapsed": 5541.260666, "delta": 82.982623}}
{"target": 0.7735984797725619, "params": {"compat": 2.3081180666468675, "schan": 0.6572203071649878, "sdims": 7.041418017704707}, "datetime": {"datetime": "2022-08-02 12:23:16", "elapsed": 5642.959098, "delta": 101.698432}}
{"target": 0.6888528407898449, "params": {"compat": 8.582292987683415, "schan": 8.535324533978788, "sdims": 8.823030502406697}, "datetime": {"datetime": "2022-08-02 12:24:19", "elapsed": 5705.925586, "delta": 62.966488}}
{"target": 0.7677732861624963, "params": {"compat": 3.374731834622432, "schan": 8.92730246475136, "sdims": 0.09773661335152627}, "datetime": {"datetime": "2022-08-02 12:29:34", "elapsed": 6020.527259, "delta": 314.601673}}
{"target": 0.8030830651501961, "params": {"compat": 8.393647725562555, "schan": 4.1909196822648545, "sdims": 2.967933279566072}, "datetime": {"datetime": "2022-08-02 12:31:04", "elapsed": 6111.076069, "delta": 90.54881}}
{"target": 0.7536526893883567, "params": {"compat": 3.0882106054312475, "schan": 8.57483152485635, "sdims": 7.649350042396608}, "datetime": {"datetime": "2022-08-02 12:32:17", "elapsed": 6183.512711, "delta": 72.436642}}
{"target": 0.7928337219208507, "params": {"compat": 3.281284214032891, "schan": 5.518449589124608, "sdims": 2.2384486330212963}, "datetime": {"datetime": "2022-08-02 12:33:58", "elapsed": 6284.862931, "delta": 101.35022}}
{"target": 0.7932155147517826, "params": {"compat": 0.4394900528804721, "schan": 4.1544809215208085, "sdims": 0.06286281438056462}, "datetime": {"datetime": "2022-08-02 12:39:40", "elapsed": 6627.393079, "delta": 342.530148}}
{"target": 0.7366710793236948, "params": {"compat": 8.300735598386169, "schan": 4.259126147950467, "sdims": 2.8557252250511347}, "datetime": {"datetime": "2022-08-02 12:41:20", "elapsed": 6726.700634, "delta": 99.307555}}
{"target": 0.6927052219124634, "params": {"compat": 1.3931455608977872, "schan": 4.382497801679818, "sdims": 6.9537781687365126}, "datetime": {"datetime": "2022-08-02 12:42:35", "elapsed": 6801.698011, "delta": 74.997377}}
